<?xml version="1.0" encoding="UTF-8" ?>
<testsuite tests="32" failures="0" name="runners.RunnerTest" time="3.381" errors="0" skipped="0">
  <properties>
    <property name="java.runtime.name" value="Java(TM) SE Runtime Environment"/>
    <property name="java.vm.version" value="10+46"/>
    <property name="sun.boot.library.path" value="C:\Program Files\Java\jdk-10\bin"/>
    <property name="maven.multiModuleProjectDirectory" value="C:\Users\dayan\eclipse-workspace\CursoCucumber"/>
    <property name="java.vm.vendor" value="&quot;Oracle Corporation&quot;"/>
    <property name="java.vendor.url" value="http://java.oracle.com/"/>
    <property name="guice.disable.misplaced.annotation.check" value="true"/>
    <property name="path.separator" value=";"/>
    <property name="java.vm.name" value="Java HotSpot(TM) 64-Bit Server VM"/>
    <property name="file.encoding.pkg" value="sun.io"/>
    <property name="sun.os.patch.level" value=""/>
    <property name="user.script" value=""/>
    <property name="user.country" value="BR"/>
    <property name="sun.java.launcher" value="SUN_STANDARD"/>
    <property name="java.vm.specification.name" value="Java Virtual Machine Specification"/>
    <property name="user.dir" value="C:\Users\dayan\eclipse-workspace\CursoCucumber"/>
    <property name="java.vm.compressedOopsMode" value="32-bit"/>
    <property name="java.runtime.version" value="10+46"/>
    <property name="java.awt.graphicsenv" value="sun.awt.Win32GraphicsEnvironment"/>
    <property name="os.arch" value="amd64"/>
    <property name="java.io.tmpdir" value="C:\Users\dayan\AppData\Local\Temp\"/>
    <property name="line.separator" value="
"/>
    <property name="java.vm.specification.vendor" value="Oracle Corporation"/>
    <property name="user.variant" value=""/>
    <property name="os.name" value="Windows 10"/>
    <property name="classworlds.conf" value="C:\apache-maven-3.6.0\bin\..\bin\m2.conf"/>
    <property name="sun.jnu.encoding" value="Cp1252"/>
    <property name="java.library.path" value="C:\Program Files\Java\jdk-10\bin;C:\WINDOWS\Sun\Java\bin;C:\WINDOWS\system32;C:\WINDOWS;C:\ProgramData\Oracle\Java\javapath;C:\Program Files (x86)\Intel\iCLS Client\;C:\Program Files\Intel\iCLS Client\;C:\Windows\system32;C:\Windows;C:\Windows\System32\Wbem;C:\Windows\System32\WindowsPowerShell\v1.0\;C:\Program Files (x86)\NVIDIA Corporation\PhysX\Common;C:\Program Files (x86)\Intel\Intel(R) Management Engine Components\DAL;C:\Program Files\Intel\Intel(R) Management Engine Components\DAL;C:\Program Files (x86)\Intel\Intel(R) Management Engine Components\IPT;C:\Program Files\Intel\Intel(R) Management Engine Components\IPT;C:\WINDOWS\system32;C:\WINDOWS;C:\WINDOWS\System32\Wbem;C:\WINDOWS\System32\WindowsPowerShell\v1.0\;C:\Program Files\Java\jdk-10;C:\WINDOWS\System32\OpenSSH\;C:\ProgramData\chocolatey\bin;C:\apache-maven-3.6.0\bin;C:\Users\dayan\AppData\Local\Microsoft\WindowsApps;."/>
    <property name="maven.conf" value="C:\apache-maven-3.6.0\bin\../conf"/>
    <property name="jdk.debug" value="release"/>
    <property name="java.class.version" value="54.0"/>
    <property name="java.specification.name" value="Java Platform API Specification"/>
    <property name="sun.management.compiler" value="HotSpot 64-Bit Tiered Compilers"/>
    <property name="os.version" value="10.0"/>
    <property name="library.jansi.path" value="C:\apache-maven-3.6.0\bin\..\lib\jansi-native"/>
    <property name="user.home" value="C:\Users\dayan"/>
    <property name="user.timezone" value="America/Sao_Paulo"/>
    <property name="java.awt.printerjob" value="sun.awt.windows.WPrinterJob"/>
    <property name="file.encoding" value="Cp1252"/>
    <property name="java.specification.version" value="10"/>
    <property name="user.name" value="dayan"/>
    <property name="java.class.path" value="C:\apache-maven-3.6.0\bin\..\boot\plexus-classworlds-2.5.2.jar"/>
    <property name="java.vm.specification.version" value="10"/>
    <property name="sun.arch.data.model" value="64"/>
    <property name="sun.java.command" value="org.codehaus.plexus.classworlds.launcher.Launcher test"/>
    <property name="java.home" value="C:\Program Files\Java\jdk-10"/>
    <property name="user.language" value="pt"/>
    <property name="java.specification.vendor" value="Oracle Corporation"/>
    <property name="awt.toolkit" value="sun.awt.windows.WToolkit"/>
    <property name="java.vm.info" value="mixed mode"/>
    <property name="java.version" value="10"/>
    <property name="java.vendor" value="Oracle Corporation"/>
    <property name="sun.stderr.encoding" value="cp850"/>
    <property name="maven.home" value="C:\apache-maven-3.6.0\bin\.."/>
    <property name="file.separator" value="\"/>
    <property name="java.version.date" value="2018-03-20"/>
    <property name="java.vendor.url.bug" value="http://bugreport.java.com/bugreport/"/>
    <property name="sun.io.unicode.encoding" value="UnicodeLittle"/>
    <property name="sun.cpu.endian" value="little"/>
    <property name="java.vendor.version" value="18.3"/>
    <property name="sun.stdout.encoding" value="cp850"/>
    <property name="sun.desktop" value="windows"/>
    <property name="sun.cpu.isalist" value="amd64"/>
  </properties>
  <testcase classname="Cenário: Deve inserir uma conta com sucesso" name="Dado que estou acessando a aplicação" time="0.003"/>
  <testcase classname="Cenário: Deve inserir uma conta com sucesso" name="Quando informo o usuário &quot;dayanne.info@gmail.com&quot;" time="0"/>
  <testcase classname="Cenário: Deve inserir uma conta com sucesso" name="E a senha &quot;curso123&quot;" time="0"/>
  <testcase classname="Cenário: Deve inserir uma conta com sucesso" name="E seleciono entrar" time="0"/>
  <testcase classname="Cenário: Deve inserir uma conta com sucesso" name="Então visualizo a página inicial" time="0"/>
  <testcase classname="Cenário: Deve inserir uma conta com sucesso" name="Quando seleciono Contas" time="0"/>
  <testcase classname="Cenário: Deve inserir uma conta com sucesso" name="E seleciono Adicionar" time="0"/>
  <testcase classname="Cenário: Deve inserir uma conta com sucesso" name="E informo a conta &quot;Conta de Teste&quot;" time="0.001"/>
  <testcase classname="Cenário: Deve inserir uma conta com sucesso" name="E seleciono Salvar" time="0"/>
  <testcase classname="Cenário: Deve inserir uma conta com sucesso" name="Então a conta é inserida com sucesso" time="0"/>
  <testcase classname="Cenário: Deve inserir uma conta com sucesso" name="Cenário: Deve inserir uma conta com sucesso" time="1.14"/>
  <testcase classname="Cenário: Não deve inserir uma conta sem nome" name="Dado que estou acessando a aplicação" time="0"/>
  <testcase classname="Cenário: Não deve inserir uma conta sem nome" name="Quando informo o usuário &quot;dayanne.info@gmail.com&quot;" time="0"/>
  <testcase classname="Cenário: Não deve inserir uma conta sem nome" name="E a senha &quot;curso123&quot;" time="0"/>
  <testcase classname="Cenário: Não deve inserir uma conta sem nome" name="E seleciono entrar" time="0"/>
  <testcase classname="Cenário: Não deve inserir uma conta sem nome" name="Então visualizo a página inicial" time="0"/>
  <testcase classname="Cenário: Não deve inserir uma conta sem nome" name="Quando seleciono Contas" time="0"/>
  <testcase classname="Cenário: Não deve inserir uma conta sem nome" name="E seleciono Adicionar" time="0"/>
  <testcase classname="Cenário: Não deve inserir uma conta sem nome" name="E seleciono Salvar" time="0"/>
  <testcase classname="Cenário: Não deve inserir uma conta sem nome" name="Então sou notificar que o nome da conta é obrigatório" time="0.001"/>
  <testcase classname="Cenário: Não deve inserir uma conta sem nome" name="Cenário: Não deve inserir uma conta sem nome" time="1.185"/>
  <testcase classname="Cenário: Não deve inserir uma conta com nome já existente" name="Dado que estou acessando a aplicação" time="0.002"/>
  <testcase classname="Cenário: Não deve inserir uma conta com nome já existente" name="Quando informo o usuário &quot;dayanne.info@gmail.com&quot;" time="0"/>
  <testcase classname="Cenário: Não deve inserir uma conta com nome já existente" name="E a senha &quot;curso123&quot;" time="0"/>
  <testcase classname="Cenário: Não deve inserir uma conta com nome já existente" name="E seleciono entrar" time="0"/>
  <testcase classname="Cenário: Não deve inserir uma conta com nome já existente" name="Então visualizo a página inicial" time="0"/>
  <testcase classname="Cenário: Não deve inserir uma conta com nome já existente" name="Quando seleciono Contas" time="0"/>
  <testcase classname="Cenário: Não deve inserir uma conta com nome já existente" name="E seleciono Adicionar" time="0"/>
  <testcase classname="Cenário: Não deve inserir uma conta com nome já existente" name="E informo a conta &quot;Conta de Teste&quot;" time="0"/>
  <testcase classname="Cenário: Não deve inserir uma conta com nome já existente" name="E seleciono Salvar" time="0"/>
  <testcase classname="Cenário: Não deve inserir uma conta com nome já existente" name="Então sou notificado que já existe uma conta com esse nome" time="0"/>
  <testcase classname="Cenário: Não deve inserir uma conta com nome já existente" name="Cenário: Não deve inserir uma conta com nome já existente" time="1.049"/>
</testsuite>